[debug] [2024-03-12T17:47:54.706Z] ----------------------------------------------------------------------
[debug] [2024-03-12T17:47:54.708Z] Command:       /home/wout/.nvm/versions/node/v21.7.0/bin/node /home/wout/.local/share/pnpm/global/5/node_modules/firebase-tools/lib/bin/firebase.js init hosting
[debug] [2024-03-12T17:47:54.709Z] CLI Version:   13.4.1
[debug] [2024-03-12T17:47:54.709Z] Platform:      linux
[debug] [2024-03-12T17:47:54.709Z] Node Version:  v21.7.0
[debug] [2024-03-12T17:47:54.709Z] Time:          Tue Mar 12 2024 18:47:54 GMT+0100 (Central European Standard Time)
[debug] [2024-03-12T17:47:54.709Z] ----------------------------------------------------------------------
[debug] 
[debug] [2024-03-12T17:47:54.770Z] > command requires scopes: ["email","openid","https://www.googleapis.com/auth/cloudplatformprojects.readonly","https://www.googleapis.com/auth/firebase","https://www.googleapis.com/auth/cloud-platform"]
[debug] [2024-03-12T17:47:54.771Z] > authorizing via signed-in user (woutrombouts18@gmail.com)
[info] 
     ######## #### ########  ######## ########     ###     ######  ########
     ##        ##  ##     ## ##       ##     ##  ##   ##  ##       ##
     ######    ##  ########  ######   ########  #########  ######  ######
     ##        ##  ##    ##  ##       ##     ## ##     ##       ## ##
     ##       #### ##     ## ######## ########  ##     ##  ######  ########

You're about to initialize a Firebase project in this directory:

  /home/wout/repaircafe-v2

Before we get started, keep in mind:

  * You are initializing within an existing Firebase project directory

[info] 
=== Project Setup
[info] 
[info] First, let's associate this project directory with a Firebase project.
[info] You can create multiple project aliases by running firebase use --add, 
[info] but for now we'll just set up a default project.
[info] 
[debug] [2024-03-12T17:47:54.775Z] Using project from CLI flag: repair-cafe-v2
[debug] [2024-03-12T17:47:54.778Z] >>> [apiv2][query] GET https://firebase.googleapis.com/v1beta1/projects/repair-cafe-v2 [none]
[debug] [2024-03-12T17:47:55.133Z] <<< [apiv2][status] GET https://firebase.googleapis.com/v1beta1/projects/repair-cafe-v2 200
[debug] [2024-03-12T17:47:55.134Z] <<< [apiv2][body] GET https://firebase.googleapis.com/v1beta1/projects/repair-cafe-v2 {"projectId":"repair-cafe-v2","projectNumber":"409378075589","displayName":"Repair Cafe v2","name":"projects/repair-cafe-v2","resources":{"hostingSite":"repair-cafe-v2"},"state":"ACTIVE","etag":"1_7cc8d314-0c9f-49dd-b5b9-2689eab0f2e9"}
[info] i  Using project repair-cafe-v2 (Repair Cafe v2) 
[info] 
=== Hosting Setup
[debug] [2024-03-12T17:47:55.141Z] >>> [apiv2][query] GET https://firebase.googleapis.com/v1beta1/projects/repair-cafe-v2 [none]
[debug] [2024-03-12T17:47:55.399Z] <<< [apiv2][status] GET https://firebase.googleapis.com/v1beta1/projects/repair-cafe-v2 200
[debug] [2024-03-12T17:47:55.399Z] <<< [apiv2][body] GET https://firebase.googleapis.com/v1beta1/projects/repair-cafe-v2 {"projectId":"repair-cafe-v2","projectNumber":"409378075589","displayName":"Repair Cafe v2","name":"projects/repair-cafe-v2","resources":{"hostingSite":"repair-cafe-v2"},"state":"ACTIVE","etag":"1_7cc8d314-0c9f-49dd-b5b9-2689eab0f2e9"}
[debug] [2024-03-12T17:49:33.562Z] SyntaxError: Unexpected end of JSON input
    at JSON.parse (<anonymous>)
    at findDependency (/home/wout/.local/share/pnpm/global/5/.pnpm/firebase-tools@13.4.1/node_modules/firebase-tools/lib/frameworks/utils.js:188:23)
    at discover (/home/wout/.local/share/pnpm/global/5/.pnpm/firebase-tools@13.4.1/node_modules/firebase-tools/lib/frameworks/vite/index.js:51:54)
    at async /home/wout/.local/share/pnpm/global/5/.pnpm/firebase-tools@13.4.1/node_modules/firebase-tools/lib/frameworks/vite/index.js:36:63
    at async discover (/home/wout/.local/share/pnpm/global/5/.pnpm/firebase-tools@13.4.1/node_modules/firebase-tools/lib/frameworks/index.js:47:32)
    at async doSetup (/home/wout/.local/share/pnpm/global/5/.pnpm/firebase-tools@13.4.1/node_modules/firebase-tools/lib/init/features/hosting/index.js:88:31)
    at async init (/home/wout/.local/share/pnpm/global/5/.pnpm/firebase-tools@13.4.1/node_modules/firebase-tools/lib/init/index.js:37:9)
[error] 
[error] Error: An unexpected error has occurred.
[debug] [2024-03-12T17:50:46.170Z] ----------------------------------------------------------------------
[debug] [2024-03-12T17:50:46.174Z] Command:       /home/wout/.nvm/versions/node/v21.7.0/bin/node /home/wout/.local/share/pnpm/global/5/node_modules/firebase-tools/lib/bin/firebase.js init hosting
[debug] [2024-03-12T17:50:46.174Z] CLI Version:   13.4.1
[debug] [2024-03-12T17:50:46.175Z] Platform:      linux
[debug] [2024-03-12T17:50:46.175Z] Node Version:  v21.7.0
[debug] [2024-03-12T17:50:46.175Z] Time:          Tue Mar 12 2024 18:50:46 GMT+0100 (Central European Standard Time)
[debug] [2024-03-12T17:50:46.175Z] ----------------------------------------------------------------------
[debug] 
[debug] [2024-03-12T17:50:46.276Z] > command requires scopes: ["email","openid","https://www.googleapis.com/auth/cloudplatformprojects.readonly","https://www.googleapis.com/auth/firebase","https://www.googleapis.com/auth/cloud-platform"]
[debug] [2024-03-12T17:50:46.277Z] > authorizing via signed-in user (woutrombouts18@gmail.com)
[info] 
     ######## #### ########  ######## ########     ###     ######  ########
     ##        ##  ##     ## ##       ##     ##  ##   ##  ##       ##
     ######    ##  ########  ######   ########  #########  ######  ######
     ##        ##  ##    ##  ##       ##     ## ##     ##       ## ##
     ##       #### ##     ## ######## ########  ##     ##  ######  ########

You're about to initialize a Firebase project in this directory:

  /home/wout/repaircafe-v2

Before we get started, keep in mind:

  * You are initializing within an existing Firebase project directory

[info] 
=== Project Setup
[info] 
[info] First, let's associate this project directory with a Firebase project.
[info] You can create multiple project aliases by running firebase use --add, 
[info] but for now we'll just set up a default project.
[info] 
[debug] [2024-03-12T17:50:46.281Z] Using project from CLI flag: repair-cafe-v2
[debug] [2024-03-12T17:50:46.287Z] >>> [apiv2][query] GET https://firebase.googleapis.com/v1beta1/projects/repair-cafe-v2 [none]
[debug] [2024-03-12T17:50:46.914Z] <<< [apiv2][status] GET https://firebase.googleapis.com/v1beta1/projects/repair-cafe-v2 200
[debug] [2024-03-12T17:50:46.915Z] <<< [apiv2][body] GET https://firebase.googleapis.com/v1beta1/projects/repair-cafe-v2 {"projectId":"repair-cafe-v2","projectNumber":"409378075589","displayName":"Repair Cafe v2","name":"projects/repair-cafe-v2","resources":{"hostingSite":"repair-cafe-v2"},"state":"ACTIVE","etag":"1_7cc8d314-0c9f-49dd-b5b9-2689eab0f2e9"}
[info] i  Using project repair-cafe-v2 (Repair Cafe v2) 
[info] 
=== Hosting Setup
[debug] [2024-03-12T17:50:46.925Z] >>> [apiv2][query] GET https://firebase.googleapis.com/v1beta1/projects/repair-cafe-v2 [none]
[debug] [2024-03-12T17:50:47.131Z] <<< [apiv2][status] GET https://firebase.googleapis.com/v1beta1/projects/repair-cafe-v2 200
[debug] [2024-03-12T17:50:47.133Z] <<< [apiv2][body] GET https://firebase.googleapis.com/v1beta1/projects/repair-cafe-v2 {"projectId":"repair-cafe-v2","projectNumber":"409378075589","displayName":"Repair Cafe v2","name":"projects/repair-cafe-v2","resources":{"hostingSite":"repair-cafe-v2"},"state":"ACTIVE","etag":"1_7cc8d314-0c9f-49dd-b5b9-2689eab0f2e9"}
[debug] [2024-03-12T17:50:57.656Z] SyntaxError: Unexpected end of JSON input
    at JSON.parse (<anonymous>)
    at findDependency (/home/wout/.local/share/pnpm/global/5/.pnpm/firebase-tools@13.4.1/node_modules/firebase-tools/lib/frameworks/utils.js:188:23)
    at getAstroVersion (/home/wout/.local/share/pnpm/global/5/.pnpm/firebase-tools@13.4.1/node_modules/firebase-tools/lib/frameworks/astro/utils.js:39:45)
    at discover (/home/wout/.local/share/pnpm/global/5/.pnpm/firebase-tools@13.4.1/node_modules/firebase-tools/lib/frameworks/astro/index.js:17:49)
    at discover (/home/wout/.local/share/pnpm/global/5/.pnpm/firebase-tools@13.4.1/node_modules/firebase-tools/lib/frameworks/index.js:47:38)
    at async doSetup (/home/wout/.local/share/pnpm/global/5/.pnpm/firebase-tools@13.4.1/node_modules/firebase-tools/lib/init/features/hosting/index.js:54:11)
    at async init (/home/wout/.local/share/pnpm/global/5/.pnpm/firebase-tools@13.4.1/node_modules/firebase-tools/lib/init/index.js:37:9)
[error] 
[error] Error: An unexpected error has occurred.
